#
# There is insufficient memory for the Java Runtime Environment to continue.
# Native memory allocation (malloc) failed to allocate 1261184 bytes for Chunk::new
# Possible reasons:
#   The system is out of physical RAM or swap space
#   In 32 bit mode, the process size limit was hit
# Possible solutions:
#   Reduce memory load on the system
#   Increase physical memory or swap space
#   Check if swap backing store is full
#   Use 64 bit Java on a 64 bit OS
#   Decrease Java heap size (-Xmx/-Xms)
#   Decrease number of Java threads
#   Decrease Java thread stack sizes (-Xss)
#   Set larger code cache with -XX:ReservedCodeCacheSize=
# This output file may be truncated or incomplete.
#
#  Out of Memory Error (allocation.cpp:326), pid=5137, tid=1732430656
#
# JRE version: OpenJDK Runtime Environment (7.0_91-b02) (build 1.7.0_91-b02)
# Java VM: OpenJDK Server VM (24.91-b01 mixed mode linux-x86 )
# Derivative: IcedTea 2.6.3
# Distribution: Ubuntu 15.04, package 7u91-2.6.3-0ubuntu0.15.04.1
# Failed to write core dump. Core dumps have been disabled. To enable core dumping, try "ulimit -c unlimited" before starting Java again
#

---------------  T H R E A D  ---------------

Current thread (0x67a99000):  JavaThread "C2 CompilerThread0" daemon [_thread_in_native, id=5196, stack(0x673ac000,0x6742d000)]

Stack: [0x673ac000,0x6742d000]

Current CompileTask:
C2:  38384  212             com.android.dx.ssa.SCCP::run (298 bytes)


---------------  P R O C E S S  ---------------

Java Threads: ( => current thread )
  0x67a9d000 JavaThread "Service Thread" daemon [_thread_blocked, id=5201, stack(0x672da000,0x6732b000)]
  0x67a9b400 JavaThread "C2 CompilerThread1" daemon [_thread_in_native, id=5199, stack(0x6732b000,0x673ac000)]
=>0x67a99000 JavaThread "C2 CompilerThread0" daemon [_thread_in_native, id=5196, stack(0x673ac000,0x6742d000)]
  0x67a97800 JavaThread "Signal Dispatcher" daemon [_thread_blocked, id=5194, stack(0x6742d000,0x6747e000)]
  0x67a84800 JavaThread "Finalizer" daemon [_thread_blocked, id=5190, stack(0x677af000,0x67800000)]
  0x67a83000 JavaThread "Reference Handler" daemon [_thread_blocked, id=5189, stack(0x6a72e000,0x6a77f000)]
  0xb6207800 JavaThread "main" [_thread_in_vm, id=5159, stack(0xb63cd000,0xb641e000)]

Other Threads:
  0x67a80400 VMThread [stack: 0x67b4d000,0x67bce000] [id=5181]
  0x67a9ec00 WatcherThread [stack: 0x67259000,0x672da000] [id=5204]

VM state:not at safepoint (normal execution)

VM Mutex/Monitor currently owned by a thread:  ([mutex/lock_event])
[0xb6205210] VMOperationQueue_lock - owner thread: 0x67a80400

Heap
 PSYoungGen      total 34304K, used 3902K [0x9dbc0000, 0xa1ec0000, 0xb3140000)
  eden space 31744K, 4% used [0x9dbc0000,0x9dd11a58,0x9fac0000)
  from space 2560K, 99% used [0x9fac0000,0x9fd3e070,0x9fd40000)
  to   space 2560K, 0% used [0xa1c40000,0xa1c40000,0xa1ec0000)
 ParOldGen       total 41984K, used 8386K [0x73140000, 0x75a40000, 0x9dbc0000)
  object space 41984K, 19% used [0x73140000,0x739709d8,0x75a40000)
 PSPermGen       total 16384K, used 4212K [0x6b140000, 0x6c140000, 0x73140000)
  object space 16384K, 25% used [0x6b140000,0x6b55d230,0x6c140000)

Card table byte_map: [0x6aeff000,0x6b140000] byte_map_base: 0x6aba6600

Polling page: 0xb7758000

Code Cache  [0xb3200000, 0xb3440000, 0xb6200000)
 total_blobs=337 nmethods=213 adapters=76 free_code_cache=48389Kb largest_free_block=49519744

Compilation events (10 events):
Event: 7,876 Thread 0x67a99000 nmethod 210 0xb32b6848 code [0xb32b69a0, 0xb32b6ef0]
Event: 7,876 Thread 0x67a99000  211             com.android.dx.rop.code.InsnList::set (7 bytes)
Event: 7,877 Thread 0x67a99000 nmethod 211 0xb32900c8 code [0xb32901c0, 0xb3290290]
Event: 7,877 Thread 0x67a99000  212             com.android.dx.ssa.SCCP::run (298 bytes)
Event: 7,998 Thread 0x67a9b400 nmethod 191 0xb32bf348 code [0xb32bf7a0, 0xb32c187c]
Event: 7,998 Thread 0x67a9b400  213             com.android.dx.util.IntList::mutableCopy (39 bytes)
Event: 8,196 Thread 0x67a9b400 nmethod 213 0xb32bcd48 code [0xb32bce80, 0xb32bd3b0]
Event: 8,196 Thread 0x67a9b400  214             com.android.dx.rop.code.PlainInsn::accept (8 bytes)
Event: 8,196 Thread 0x67a9b400 nmethod 214 0xb3256d48 code [0xb3256e40, 0xb3256e90]
Event: 8,196 Thread 0x67a9b400  215             com.android.dx.ssa.SCCP::simulateBranch (666 bytes)

GC Heap History (6 events):
Event: 2,326 GC heap before
{Heap before GC invocations=1 (full 0):
 PSYoungGen      total 18432K, used 15872K [0x9dbc0000, 0x9f040000, 0xb3140000)
  eden space 15872K, 100% used [0x9dbc0000,0x9eb40000,0x9eb40000)
  from space 2560K, 0% used [0x9edc0000,0x9edc0000,0x9f040000)
  to   space 2560K, 0% used [0x9eb40000,0x9eb40000,0x9edc0000)
 ParOldGen       total 41984K, used 0K [0x73140000, 0x75a40000, 0x9dbc0000)
  object space 41984K, 0% used [0x73140000,0x73140000,0x75a40000)
 PSPermGen       total 16384K, used 4036K [0x6b140000, 0x6c140000, 0x73140000)
  object space 16384K, 24% used [0x6b140000,0x6b5311b0,0x6c140000)
Event: 2,350 GC heap after
Heap after GC invocations=1 (full 0):
 PSYoungGen      total 18432K, used 2546K [0x9dbc0000, 0x9ffc0000, 0xb3140000)
  eden space 15872K, 0% used [0x9dbc0000,0x9dbc0000,0x9eb40000)
  from space 2560K, 99% used [0x9eb40000,0x9edbca38,0x9edc0000)
  to   space 2560K, 0% used [0x9fd40000,0x9fd40000,0x9ffc0000)
 ParOldGen       total 41984K, used 1481K [0x73140000, 0x75a40000, 0x9dbc0000)
  object space 41984K, 3% used [0x73140000,0x732b25b0,0x75a40000)
 PSPermGen       total 16384K, used 4036K [0x6b140000, 0x6c140000, 0x73140000)
  object space 16384K, 24% used [0x6b140000,0x6b5311b0,0x6c140000)
}
Event: 3,881 GC heap before
{Heap before GC invocations=2 (full 0):
 PSYoungGen      total 18432K, used 18418K [0x9dbc0000, 0x9ffc0000, 0xb3140000)
  eden space 15872K, 100% used [0x9dbc0000,0x9eb40000,0x9eb40000)
  from space 2560K, 99% used [0x9eb40000,0x9edbca38,0x9edc0000)
  to   space 2560K, 0% used [0x9fd40000,0x9fd40000,0x9ffc0000)
 ParOldGen       total 41984K, used 1481K [0x73140000, 0x75a40000, 0x9dbc0000)
  object space 41984K, 3% used [0x73140000,0x732b25b0,0x75a40000)
 PSPermGen       total 16384K, used 4146K [0x6b140000, 0x6c140000, 0x73140000)
  object space 16384K, 25% used [0x6b140000,0x6b54c910,0x6c140000)
Event: 3,908 GC heap after
Heap after GC invocations=2 (full 0):
 PSYoungGen      total 34304K, used 2552K [0x9dbc0000, 0x9ffc0000, 0xb3140000)
  eden space 31744K, 0% used [0x9dbc0000,0x9dbc0000,0x9fac0000)
  from space 2560K, 99% used [0x9fd40000,0x9ffbe2f8,0x9ffc0000)
  to   space 2560K, 0% used [0x9fac0000,0x9fac0000,0x9fd40000)
 ParOldGen       total 41984K, used 4044K [0x73140000, 0x75a40000, 0x9dbc0000)
  object space 41984K, 9% used [0x73140000,0x73533000,0x75a40000)
 PSPermGen       total 16384K, used 4146K [0x6b140000, 0x6c140000, 0x73140000)
  object space 16384K, 25% used [0x6b140000,0x6b54c910,0x6c140000)
}
Event: 8,071 GC heap before
{Heap before GC invocations=3 (full 0):
 PSYoungGen      total 34304K, used 34296K [0x9dbc0000, 0x9ffc0000, 0xb3140000)
  eden space 31744K, 100% used [0x9dbc0000,0x9fac0000,0x9fac0000)
  from space 2560K, 99% used [0x9fd40000,0x9ffbe2f8,0x9ffc0000)
  to   space 2560K, 0% used [0x9fac0000,0x9fac0000,0x9fd40000)
 ParOldGen       total 41984K, used 4044K [0x73140000, 0x75a40000, 0x9dbc0000)
  object space 41984K, 9% used [0x73140000,0x73533000,0x75a40000)
 PSPermGen       total 16384K, used 4186K [0x6b140000, 0x6c140000, 0x73140000)
  object space 16384K, 25% used [0x6b140000,0x6b5569a0,0x6c140000)
Event: 8,192 GC heap after
Heap after GC invocations=3 (full 0):
 PSYoungGen      total 34304K, used 2552K [0x9dbc0000, 0xa1ec0000, 0xb3140000)
  eden space 31744K, 0% used [0x9dbc0000,0x9dbc0000,0x9fac0000)
  from space 2560K, 99% used [0x9fac0000,0x9fd3e070,0x9fd40000)
  to   space 2560K, 0% used [0xa1c40000,0xa1c40000,0xa1ec0000)
 ParOldGen       total 41984K, used 8386K [0x73140000, 0x75a40000, 0x9dbc0000)
  object space 41984K, 19% used [0x73140000,0x739709d8,0x75a40000)
 PSPermGen       total 16384K, used 4186K [0x6b140000, 0x6c140000, 0x73140000)
  object space 16384K, 25% used [0x6b140000,0x6b5569a0,0x6c140000)
}

Deoptimization events (10 events):
Event: 1,882 Thread 0x67139c00 Uncommon trap: reason=unstable_if action=reinterpret pc=0xb324a688 method=java.util.BitSet.nextSetBit(I)I @ 87
Event: 2,078 Thread 0x67139c00 Uncommon trap: reason=class_check action=maybe_recompile pc=0xb3256fe0 method=com.android.dx.ssa.NormalSsaInsn.accept(Lcom/android/dx/ssa/SsaInsn$Visitor;)V @ 9
Event: 2,238 Thread 0x67132400 Uncommon trap: reason=class_check action=maybe_recompile pc=0xb3256fe0 method=com.android.dx.ssa.NormalSsaInsn.accept(Lcom/android/dx/ssa/SsaInsn$Visitor;)V @ 9
Event: 2,239 Thread 0x67132400 Uncommon trap: reason=class_check action=maybe_recompile pc=0xb3256fe0 method=com.android.dx.ssa.NormalSsaInsn.accept(Lcom/android/dx/ssa/SsaInsn$Visitor;)V @ 9
Event: 2,248 Thread 0x67132400 Uncommon trap: reason=class_check action=maybe_recompile pc=0xb3256fe0 method=com.android.dx.ssa.NormalSsaInsn.accept(Lcom/android/dx/ssa/SsaInsn$Visitor;)V @ 9
Event: 3,344 Thread 0x67139c00 Uncommon trap: reason=unstable_if action=reinterpret pc=0xb3266d78 method=com.android.dx.rop.code.RegisterSpec.equals(ILcom/android/dx/rop/type/TypeBearer;Lcom/android/dx/rop/code/LocalItem;)Z @ 42
Event: 3,579 Thread 0x67132400 Uncommon trap: reason=unstable_if action=reinterpret pc=0xb3261cd0 method=com.android.dx.ssa.SsaRenamer$BlockRenamer.addMapping(ILcom/android/dx/rop/code/RegisterSpec;)V @ 120
Event: 3,909 Thread 0xb6207800 Uncommon trap: reason=null_check action=make_not_entrant pc=0xb3271cb0 method=com.android.dx.ssa.SsaRenamer.getLocalForNewReg(I)Lcom/android/dx/rop/code/LocalItem; @ 19
Event: 3,924 Thread 0xb6207800 Uncommon trap: reason=null_check action=make_not_entrant pc=0xb327ad48 method=com.android.dx.ssa.SsaRenamer.getLocalForNewReg(I)Lcom/android/dx/rop/code/LocalItem; @ 19
Event: 8,700 Thread 0xb6207800 Uncommon trap: reason=unstable_if action=reinterpret pc=0xb32934b0 method=java.util.HashMap.put(Ljava/lang/Object;Ljava/lang/Object;)Ljava/lang/Object; @ 86

Internal exceptions (10 events):
Event: 2,066 Thread 0xb6207800 Threw 0x9e8549b0 at /build/openjdk-7-PdBaKN/openjdk-7-7u91-2.6.3/build/openjdk/hotspot/src/share/vm/prims/jvm.cpp:1322
Event: 2,982 Thread 0xb6207800 Threw 0x9e21a658 at /build/openjdk-7-PdBaKN/openjdk-7-7u91-2.6.3/build/openjdk/hotspot/src/share/vm/prims/jvm.cpp:1322
Event: 3,182 Thread 0xb6207800 Threw 0x9e3c3638 at /build/openjdk-7-PdBaKN/openjdk-7-7u91-2.6.3/build/openjdk/hotspot/src/share/vm/prims/jvm.cpp:1322
Event: 3,725 Thread 0x6713e000 Threw 0x9ea36790 at /build/openjdk-7-PdBaKN/openjdk-7-7u91-2.6.3/build/openjdk/hotspot/src/share/vm/prims/jvm.cpp:1322
Event: 3,909 Thread 0xb6207800 Implicit null exception at 0xb327086f to 0xb3271ca1
Event: 3,924 Thread 0xb6207800 Implicit null exception at 0xb327982e to 0xb327ad31
Event: 5,963 Thread 0xb6207800 Threw 0x9ee40788 at /build/openjdk-7-PdBaKN/openjdk-7-7u91-2.6.3/build/openjdk/hotspot/src/share/vm/prims/jvm.cpp:1322
Event: 7,084 Thread 0x6713e000 Threw 0x9f5be800 at /build/openjdk-7-PdBaKN/openjdk-7-7u91-2.6.3/build/openjdk/hotspot/src/share/vm/prims/jvm.cpp:1322
Event: 8,457 Thread 0xb6207800 Threw 0x9dc615f8 at /build/openjdk-7-PdBaKN/openjdk-7-7u91-2.6.3/build/openjdk/hotspot/src/share/vm/prims/jvm.cpp:1322
Event: 34,312 Thread 0xb6207800 Threw 0x9dccc0c0 at /build/openjdk-7-PdBaKN/openjdk-7-7u91-2.6.3/build/openjdk/hotspot/src/share/vm/prims/jvm.cpp:1322

Events (10 events):
Event: 8,357 loading class 0x67aafad8 done
Event: 8,357 loading class 0x67aafbb0
Event: 8,357 loading class 0x67aafbb0 done
Event: 8,457 loading class 0x6ac11eb0
Event: 8,457 loading class 0x6ac11eb0 done
Event: 8,700 Thread 0xb6207800 Uncommon trap: trap_request=0xffffff75 fr.pc=0xb32934b0
Event: 8,700 Thread 0xb6207800 DEOPT PACKING pc=0xb32934b0 sp=0xb641cd00
Event: 8,700 Thread 0xb6207800 DEOPT UNPACKING pc=0xb322cbc8 sp=0xb641cd00 mode 2
Event: 34,312 loading class 0x6710eec0
Event: 34,312 loading class 0x6710eec0 done


Dynamic libraries:
08048000-08049000 r-xp 00000000 08:01 7358750    /usr/lib/jvm/java-7-openjdk-i386/jre/bin/java
08049000-0804a000 r--p 00000000 08:01 7358750    /usr/lib/jvm/java-7-openjdk-i386/jre/bin/java
0804a000-0804b000 rw-p 00001000 08:01 7358750    /usr/lib/jvm/java-7-openjdk-i386/jre/bin/java
08377000-08407000 rw-p 00000000 00:00 0          [heap]
64900000-64980000 rw-p 00000000 00:00 0 
64980000-64a00000 ---p 00000000 00:00 0 
64b00000-64bff000 rw-p 00000000 00:00 0 
64bff000-64c00000 ---p 00000000 00:00 0 
64c00000-64ce6000 rw-p 00000000 00:00 0 
64ce6000-64d00000 ---p 00000000 00:00 0 
64d00000-64df9000 rw-p 00000000 00:00 0 
64df9000-64e00000 ---p 00000000 00:00 0 
64e00000-64eb1000 rw-p 00000000 00:00 0 
64eb1000-64f00000 ---p 00000000 00:00 0 
64f00000-64ffb000 rw-p 00000000 00:00 0 
64ffb000-65000000 ---p 00000000 00:00 0 
65100000-651f9000 rw-p 00000000 00:00 0 
651f9000-65200000 ---p 00000000 00:00 0 
65200000-652fc000 rw-p 00000000 00:00 0 
652fc000-65300000 ---p 00000000 00:00 0 
65400000-654f9000 rw-p 00000000 00:00 0 
654f9000-65500000 ---p 00000000 00:00 0 
65500000-655fa000 rw-p 00000000 00:00 0 
655fa000-65600000 ---p 00000000 00:00 0 
65600000-656f9000 rw-p 00000000 00:00 0 
656f9000-65700000 ---p 00000000 00:00 0 
65700000-657f3000 rw-p 00000000 00:00 0 
657f3000-65800000 ---p 00000000 00:00 0 
65800000-658ff000 rw-p 00000000 00:00 0 
658ff000-65900000 ---p 00000000 00:00 0 
65900000-65af0000 rw-p 00000000 00:00 0 
65af0000-65b00000 ---p 00000000 00:00 0 
65b00000-65bfa000 rw-p 00000000 00:00 0 
65bfa000-65c00000 ---p 00000000 00:00 0 
65c00000-65cfb000 rw-p 00000000 00:00 0 
65cfb000-65d00000 ---p 00000000 00:00 0 
65d00000-65e00000 rw-p 00000000 00:00 0 
65e00000-65f00000 rw-p 00000000 00:00 0 
65f00000-65ff9000 rw-p 00000000 00:00 0 
65ff9000-66000000 ---p 00000000 00:00 0 
66100000-661f2000 rw-p 00000000 00:00 0 
661f2000-66200000 ---p 00000000 00:00 0 
66300000-663fb000 rw-p 00000000 00:00 0 
663fb000-66400000 ---p 00000000 00:00 0 
66400000-664fd000 rw-p 00000000 00:00 0 
664fd000-66500000 ---p 00000000 00:00 0 
66500000-665f7000 rw-p 00000000 00:00 0 
665f7000-66600000 ---p 00000000 00:00 0 
66700000-667fc000 rw-p 00000000 00:00 0 
667fc000-66800000 ---p 00000000 00:00 0 
66800000-668f8000 rw-p 00000000 00:00 0 
668f8000-66900000 ---p 00000000 00:00 0 
66900000-669fd000 rw-p 00000000 00:00 0 
669fd000-66a00000 ---p 00000000 00:00 0 
66a45000-66a48000 ---p 00000000 00:00 0 
66a48000-66a96000 rw-p 00000000 00:00 0 
66a96000-66a99000 ---p 00000000 00:00 0 
66a99000-66ae7000 rw-p 00000000 00:00 0 
66ae7000-66aea000 ---p 00000000 00:00 0 
66aea000-66b38000 rw-p 00000000 00:00 0 
66b38000-66b3b000 ---p 00000000 00:00 0 
66b3b000-66d4a000 rw-p 00000000 00:00 0 
66d4a000-66dba000 r-xp 00000000 08:01 6553697    /lib/i386-linux-gnu/libpcre.so.3.13.1
66dba000-66dbb000 r--p 0006f000 08:01 6553697    /lib/i386-linux-gnu/libpcre.so.3.13.1
66dbb000-66dbc000 rw-p 00070000 08:01 6553697    /lib/i386-linux-gnu/libpcre.so.3.13.1
66dbc000-66ee2000 r-xp 00000000 08:01 6554753    /lib/i386-linux-gnu/libglib-2.0.so.0.4400.1
66ee2000-66ee3000 r--p 00125000 08:01 6554753    /lib/i386-linux-gnu/libglib-2.0.so.0.4400.1
66ee3000-66ee4000 rw-p 00126000 08:01 6554753    /lib/i386-linux-gnu/libglib-2.0.so.0.4400.1
66ee4000-66f3f000 r-xp 00000000 08:01 7340458    /usr/lib/i386-linux-gnu/libgobject-2.0.so.0.4400.1
66f3f000-66f40000 r--p 0005b000 08:01 7340458    /usr/lib/i386-linux-gnu/libgobject-2.0.so.0.4400.1
66f40000-66f41000 rw-p 0005c000 08:01 7340458    /usr/lib/i386-linux-gnu/libgobject-2.0.so.0.4400.1
66f41000-670fa000 r-xp 00000000 08:01 7340437    /usr/lib/i386-linux-gnu/libgio-2.0.so.0.4400.1
670fa000-670fd000 r--p 001b8000 08:01 7340437    /usr/lib/i386-linux-gnu/libgio-2.0.so.0.4400.1
670fd000-670ff000 rw-p 001bb000 08:01 7340437    /usr/lib/i386-linux-gnu/libgio-2.0.so.0.4400.1
670ff000-67100000 rw-p 00000000 00:00 0 
67100000-67167000 rw-p 00000000 00:00 0 
67167000-67200000 ---p 00000000 00:00 0 
67208000-6720b000 ---p 00000000 00:00 0 
6720b000-67259000 rw-p 00000000 00:00 0 
67259000-6725a000 ---p 00000000 00:00 0 
6725a000-672da000 rw-p 00000000 00:00 0          [stack:5204]
672da000-672dd000 ---p 00000000 00:00 0 
672dd000-6732b000 rw-p 00000000 00:00 0          [stack:5201]
6732b000-6732e000 ---p 00000000 00:00 0 
6732e000-673ac000 rw-p 00000000 00:00 0          [stack:5199]
673ac000-673af000 ---p 00000000 00:00 0 
673af000-6742d000 rw-p 00000000 00:00 0          [stack:5196]
6742d000-67430000 ---p 00000000 00:00 0 
67430000-6747e000 rw-p 00000000 00:00 0          [stack:5194]
6747e000-675af000 r--p 005e3000 08:01 7349077    /usr/lib/locale/locale-archive
675af000-677af000 r--p 00000000 08:01 7349077    /usr/lib/locale/locale-archive
677af000-677b2000 ---p 00000000 00:00 0 
677b2000-67800000 rw-p 00000000 00:00 0          [stack:5190]
67800000-678fa000 rw-p 00000000 00:00 0 
678fa000-67900000 ---p 00000000 00:00 0 
67900000-67921000 rw-p 00000000 00:00 0 
67921000-67a00000 ---p 00000000 00:00 0 
67a00000-67b00000 rw-p 00000000 00:00 0 
67b2a000-67b31000 r-xp 00000000 08:01 7346111    /usr/lib/i386-linux-gnu/libffi.so.6.0.4
67b31000-67b33000 r--p 00006000 08:01 7346111    /usr/lib/i386-linux-gnu/libffi.so.6.0.4
67b33000-67b34000 rw-p 00008000 08:01 7346111    /usr/lib/i386-linux-gnu/libffi.so.6.0.4
67b34000-67b48000 r-xp 00000000 08:01 6554865    /lib/i386-linux-gnu/libresolv-2.21.so
67b48000-67b4a000 r--p 00013000 08:01 6554865    /lib/i386-linux-gnu/libresolv-2.21.so
67b4a000-67b4b000 rw-p 00015000 08:01 6554865    /lib/i386-linux-gnu/libresolv-2.21.so
67b4b000-67b4d000 rw-p 00000000 00:00 0 
67b4d000-67b4e000 ---p 00000000 00:00 0 
67b4e000-67bce000 rw-p 00000000 00:00 0          [stack:5181]
67bce000-67d80000 r--s 01d2e000 08:01 7358769    /usr/lib/jvm/java-7-openjdk-i386/jre/lib/rt.jar
67d80000-6a600000 rw-p 00000000 00:00 0 
6a600000-6a6fc000 rw-p 00000000 00:00 0 
6a6fc000-6a700000 ---p 00000000 00:00 0 
6a707000-6a72b000 r-xp 00000000 08:01 6554869    /lib/i386-linux-gnu/libselinux.so.1
6a72b000-6a72c000 r--p 00024000 08:01 6554869    /lib/i386-linux-gnu/libselinux.so.1
6a72c000-6a72d000 rw-p 00025000 08:01 6554869    /lib/i386-linux-gnu/libselinux.so.1
6a72d000-6a72e000 rw-p 00000000 00:00 0 
6a72e000-6a731000 ---p 00000000 00:00 0 
6a731000-6a77f000 rw-p 00000000 00:00 0          [stack:5189]
6a77f000-6a780000 ---p 00000000 00:00 0 
6a780000-6a800000 rw-p 00000000 00:00 0          [stack:5178]
6a800000-6a821000 rw-p 00000000 00:00 0 
6a821000-6a900000 ---p 00000000 00:00 0 
6a91d000-6a934000 r-xp 00000000 08:01 7358807    /usr/lib/jvm/java-7-openjdk-i386/jre/lib/i386/libnet.so
6a934000-6a935000 r--p 00016000 08:01 7358807    /usr/lib/jvm/java-7-openjdk-i386/jre/lib/i386/libnet.so
6a935000-6a936000 rw-p 00017000 08:01 7358807    /usr/lib/jvm/java-7-openjdk-i386/jre/lib/i386/libnet.so
6a936000-6a97f000 rw-p 00000000 00:00 0 
6a97f000-6a980000 ---p 00000000 00:00 0 
6a980000-6aa00000 rw-p 00000000 00:00 0          [stack:5175]
6aa00000-6aa21000 rw-p 00000000 00:00 0 
6aa21000-6ab00000 ---p 00000000 00:00 0 
6ab03000-6ab13000 r-xp 00000000 08:01 7358775    /usr/lib/jvm/java-7-openjdk-i386/jre/lib/i386/libnio.so
6ab13000-6ab14000 r--p 00010000 08:01 7358775    /usr/lib/jvm/java-7-openjdk-i386/jre/lib/i386/libnio.so
6ab14000-6ab15000 rw-p 00011000 08:01 7358775    /usr/lib/jvm/java-7-openjdk-i386/jre/lib/i386/libnio.so
6ab15000-6ab24000 r--s 000df000 08:01 143190     /home/ggalia84/android-sdk-linux/build-tools/23.0.2/lib/dx.jar
6ab24000-6ab7f000 rw-p 00000000 00:00 0 
6ab7f000-6ab80000 ---p 00000000 00:00 0 
6ab80000-6ac00000 rw-p 00000000 00:00 0          [stack:5168]
6ac00000-6ac27000 rw-p 00000000 00:00 0 
6ac27000-6ad00000 ---p 00000000 00:00 0 
6ad01000-6ad04000 r-xp 00000000 08:01 7340455    /usr/lib/i386-linux-gnu/libgmodule-2.0.so.0.4400.1
6ad04000-6ad05000 r--p 00002000 08:01 7340455    /usr/lib/i386-linux-gnu/libgmodule-2.0.so.0.4400.1
6ad05000-6ad06000 rw-p 00003000 08:01 7340455    /usr/lib/i386-linux-gnu/libgmodule-2.0.so.0.4400.1
6ad09000-6ad0d000 r--s 0003c000 08:01 7358765    /usr/lib/jvm/java-7-openjdk-i386/jre/lib/ext/sunpkcs11.jar
6ad0d000-6ad28000 rw-p 00000000 00:00 0 
6ad28000-6ad29000 ---p 00000000 00:00 0 
6ad29000-6adbe000 rw-p 00000000 00:00 0          [stack:5164]
6adbe000-6aeff000 rw-p 00000000 00:00 0 
6aeff000-6af07000 rw-p 00000000 00:00 0 
6af07000-6af3f000 rw-p 00000000 00:00 0 
6af3f000-6af54000 rw-p 00000000 00:00 0 
6af54000-6b094000 rw-p 00000000 00:00 0 
6b094000-6b0b6000 rw-p 00000000 00:00 0 
6b0b6000-6b13f000 rw-p 00000000 00:00 0 
6b13f000-6c140000 rw-p 00000000 00:00 0 
6c140000-73140000 rw-p 00000000 00:00 0 
73140000-75a40000 rw-p 00000000 00:00 0 
75a40000-9dbc0000 rw-p 00000000 00:00 0 
9dbc0000-a1ec0000 rw-p 00000000 00:00 0 
a1ec0000-b3140000 rw-p 00000000 00:00 0 
b3140000-b3149000 rw-p 00000000 00:00 0 
b3149000-b3200000 rw-p 00000000 00:00 0 
b3200000-b3440000 rwxp 00000000 00:00 0 
b3440000-b6300000 rw-p 00000000 00:00 0 
b6301000-b6309000 rw-p 00000000 00:00 0 
b6309000-b6341000 rw-p 00000000 00:00 0 
b6341000-b634d000 r-xp 00000000 08:01 6554812    /lib/i386-linux-gnu/libnss_files-2.21.so
b634d000-b634e000 r--p 0000b000 08:01 6554812    /lib/i386-linux-gnu/libnss_files-2.21.so
b634e000-b634f000 rw-p 0000c000 08:01 6554812    /lib/i386-linux-gnu/libnss_files-2.21.so
b634f000-b635a000 r-xp 00000000 08:01 6554822    /lib/i386-linux-gnu/libnss_nis-2.21.so
b635a000-b635b000 r--p 0000a000 08:01 6554822    /lib/i386-linux-gnu/libnss_nis-2.21.so
b635b000-b635c000 rw-p 0000b000 08:01 6554822    /lib/i386-linux-gnu/libnss_nis-2.21.so
b635c000-b6373000 r-xp 00000000 08:01 6554806    /lib/i386-linux-gnu/libnsl-2.21.so
b6373000-b6374000 r--p 00016000 08:01 6554806    /lib/i386-linux-gnu/libnsl-2.21.so
b6374000-b6375000 rw-p 00017000 08:01 6554806    /lib/i386-linux-gnu/libnsl-2.21.so
b6375000-b6377000 rw-p 00000000 00:00 0 
b6377000-b637f000 r-xp 00000000 08:01 6554808    /lib/i386-linux-gnu/libnss_compat-2.21.so
b637f000-b6380000 r--p 00007000 08:01 6554808    /lib/i386-linux-gnu/libnss_compat-2.21.so
b6380000-b6381000 rw-p 00008000 08:01 6554808    /lib/i386-linux-gnu/libnss_compat-2.21.so
b6381000-b6385000 r--s 00085000 08:01 7358762    /usr/lib/jvm/java-7-openjdk-i386/jre/lib/ext/localedata.jar
b6385000-b6388000 r--s 0000f000 08:01 7358763    /usr/lib/jvm/java-7-openjdk-i386/jre/lib/ext/icedtea-sound.jar
b6388000-b638a000 r--s 00012000 08:01 7358761    /usr/lib/jvm/java-7-openjdk-i386/jre/lib/ext/zipfs.jar
b638a000-b638b000 r--s 00002000 08:01 7358766    /usr/lib/jvm/java-7-openjdk-i386/jre/lib/ext/dnsns.jar
b638b000-b638f000 r--s 00034000 08:01 7358764    /usr/lib/jvm/java-7-openjdk-i386/jre/lib/ext/sunjce_provider.jar
b638f000-b6391000 r--s 00006000 08:01 7743931    /usr/share/java/java-atk-wrapper.jar
b6391000-b6392000 r--p 0084c000 08:01 7349077    /usr/lib/locale/locale-archive
b6392000-b639a000 r-xp 00000000 08:01 7358779    /usr/lib/jvm/java-7-openjdk-i386/jre/lib/i386/libzip.so
b639a000-b639b000 r--p 00007000 08:01 7358779    /usr/lib/jvm/java-7-openjdk-i386/jre/lib/i386/libzip.so
b639b000-b639c000 rw-p 00008000 08:01 7358779    /usr/lib/jvm/java-7-openjdk-i386/jre/lib/i386/libzip.so
b639c000-b63c2000 r-xp 00000000 08:01 7358787    /usr/lib/jvm/java-7-openjdk-i386/jre/lib/i386/libjava.so
b63c2000-b63c3000 r--p 00025000 08:01 7358787    /usr/lib/jvm/java-7-openjdk-i386/jre/lib/i386/libjava.so
b63c3000-b63c4000 rw-p 00026000 08:01 7358787    /usr/lib/jvm/java-7-openjdk-i386/jre/lib/i386/libjava.so
b63c4000-b63cb000 r-xp 00000000 08:01 6554867    /lib/i386-linux-gnu/librt-2.21.so
b63cb000-b63cc000 r--p 00006000 08:01 6554867    /lib/i386-linux-gnu/librt-2.21.so
b63cc000-b63cd000 rw-p 00007000 08:01 6554867    /lib/i386-linux-gnu/librt-2.21.so
b63cd000-b63d0000 ---p 00000000 00:00 0 
b63d0000-b641e000 rw-p 00000000 00:00 0          [stack:5159]
b641e000-b643a000 r-xp 00000000 08:01 6553689    /lib/i386-linux-gnu/libgcc_s.so.1
b643a000-b643b000 rw-p 0001b000 08:01 6553689    /lib/i386-linux-gnu/libgcc_s.so.1
b643b000-b6486000 r-xp 00000000 08:01 6554785    /lib/i386-linux-gnu/libm-2.21.so
b6486000-b6487000 r--p 0004a000 08:01 6554785    /lib/i386-linux-gnu/libm-2.21.so
b6487000-b6488000 rw-p 0004b000 08:01 6554785    /lib/i386-linux-gnu/libm-2.21.so
b6488000-b6571000 r-xp 00000000 08:01 7346778    /usr/lib/i386-linux-gnu/libstdc++.so.6.0.20
b6571000-b6575000 r--p 000e9000 08:01 7346778    /usr/lib/i386-linux-gnu/libstdc++.so.6.0.20
b6575000-b6576000 rw-p 000ed000 08:01 7346778    /usr/lib/i386-linux-gnu/libstdc++.so.6.0.20
b6576000-b657d000 rw-p 00000000 00:00 0 
b657d000-b70d0000 r-xp 00000000 08:01 7358795    /usr/lib/jvm/java-7-openjdk-i386/jre/lib/i386/server/libjvm.so
b70d0000-b7124000 r--p 00b52000 08:01 7358795    /usr/lib/jvm/java-7-openjdk-i386/jre/lib/i386/server/libjvm.so
b7124000-b7138000 rw-p 00ba6000 08:01 7358795    /usr/lib/jvm/java-7-openjdk-i386/jre/lib/i386/server/libjvm.so
b7138000-b7557000 rw-p 00000000 00:00 0 
b7557000-b7570000 r-xp 00000000 08:01 6554900    /lib/i386-linux-gnu/libz.so.1.2.8
b7570000-b7571000 r--p 00019000 08:01 6554900    /lib/i386-linux-gnu/libz.so.1.2.8
b7571000-b7572000 rw-p 0001a000 08:01 6554900    /lib/i386-linux-gnu/libz.so.1.2.8
b7572000-b758b000 r-xp 00000000 08:01 6554859    /lib/i386-linux-gnu/libpthread-2.21.so
b758b000-b758c000 r--p 00018000 08:01 6554859    /lib/i386-linux-gnu/libpthread-2.21.so
b758c000-b758d000 rw-p 00019000 08:01 6554859    /lib/i386-linux-gnu/libpthread-2.21.so
b758d000-b758f000 rw-p 00000000 00:00 0 
b758f000-b7592000 r-xp 00000000 08:01 6554743    /lib/i386-linux-gnu/libdl-2.21.so
b7592000-b7593000 r--p 00002000 08:01 6554743    /lib/i386-linux-gnu/libdl-2.21.so
b7593000-b7594000 rw-p 00003000 08:01 6554743    /lib/i386-linux-gnu/libdl-2.21.so
b7594000-b7748000 r-xp 00000000 08:01 6554726    /lib/i386-linux-gnu/libc-2.21.so
b7748000-b774b000 r--p 001b3000 08:01 6554726    /lib/i386-linux-gnu/libc-2.21.so
b774b000-b774d000 rw-p 001b6000 08:01 6554726    /lib/i386-linux-gnu/libc-2.21.so
b774d000-b774f000 rw-p 00000000 00:00 0 
b774f000-b7757000 rw-s 00000000 08:01 5788490    /tmp/hsperfdata_ggalia84/5137
b7757000-b7758000 rw-p 00000000 00:00 0 
b7758000-b7759000 r--p 00000000 00:00 0 
b7759000-b7767000 r-xp 00000000 08:01 7358803    /usr/lib/jvm/java-7-openjdk-i386/jre/lib/i386/libverify.so
b7767000-b7769000 r--p 0000d000 08:01 7358803    /usr/lib/jvm/java-7-openjdk-i386/jre/lib/i386/libverify.so
b7769000-b776a000 rw-p 0000f000 08:01 7358803    /usr/lib/jvm/java-7-openjdk-i386/jre/lib/i386/libverify.so
b776a000-b7776000 r-xp 00000000 08:01 7358804    /usr/lib/jvm/java-7-openjdk-i386/jre/lib/i386/jli/libjli.so
b7776000-b7777000 r--p 0000b000 08:01 7358804    /usr/lib/jvm/java-7-openjdk-i386/jre/lib/i386/jli/libjli.so
b7777000-b7778000 rw-p 0000c000 08:01 7358804    /usr/lib/jvm/java-7-openjdk-i386/jre/lib/i386/jli/libjli.so
b7778000-b777b000 rw-p 00000000 00:00 0 
b777b000-b777d000 r--p 00000000 00:00 0          [vvar]
b777d000-b777e000 r-xp 00000000 00:00 0          [vdso]
b777e000-b77a0000 r-xp 00000000 08:01 6554698    /lib/i386-linux-gnu/ld-2.21.so
b77a0000-b77a1000 r--p 00021000 08:01 6554698    /lib/i386-linux-gnu/ld-2.21.so
b77a1000-b77a2000 rw-p 00022000 08:01 6554698    /lib/i386-linux-gnu/ld-2.21.so
bfb92000-bfb93000 rwxp 00000000 00:00 0 
bfbc5000-bfbe6000 rw-p 00000000 00:00 0          [stack]

VM Arguments:
jvm_args: -Xmx1024M -Dfile.encoding=UTF-8 -Duser.country=ES -Duser.language=es -Duser.variant 
java_command: com.android.dx.command.Main --dex --num-threads=4 --output /home/ggalia84/AndroidStudioProjects/BasicNotifications/Application/build/intermediates/pre-dexed/debug/classes-3cd5134cef3bbab24552cfae84f4dd743ad2c997.jar /home/ggalia84/AndroidStudioProjects/BasicNotifications/Application/build/intermediates/exploded-aar/com.onesignal/OneSignal/2.0.8/jars/classes.jar
Launcher Type: SUN_STANDARD

Environment Variables:
PATH=/usr/local/sbin:/usr/local/bin:/usr/sbin:/usr/bin:/sbin:/bin:/usr/games:/usr/local/games
SHELL=/bin/bash
DISPLAY=:0

Signal Handlers:
SIGSEGV: [libjvm.so+0x7f7d00], sa_mask[0]=0x7ffbfeff, sa_flags=0x10000004
SIGBUS: [libjvm.so+0x7f7d00], sa_mask[0]=0x7ffbfeff, sa_flags=0x10000004
SIGFPE: [libjvm.so+0x67a9d0], sa_mask[0]=0x7ffbfeff, sa_flags=0x10000004
SIGPIPE: [libjvm.so+0x67a9d0], sa_mask[0]=0x7ffbfeff, sa_flags=0x10000004
SIGXFSZ: [libjvm.so+0x67a9d0], sa_mask[0]=0x7ffbfeff, sa_flags=0x10000004
SIGILL: [libjvm.so+0x67a9d0], sa_mask[0]=0x7ffbfeff, sa_flags=0x10000004
SIGUSR1: SIG_DFL, sa_mask[0]=0x00000000, sa_flags=0x00000000
SIGUSR2: [libjvm.so+0x67a820], sa_mask[0]=0x00000004, sa_flags=0x10000004
SIGHUP: [libjvm.so+0x67aa80], sa_mask[0]=0x7ffbfeff, sa_flags=0x10000004
SIGINT: [libjvm.so+0x67aa80], sa_mask[0]=0x7ffbfeff, sa_flags=0x10000004
SIGTERM: [libjvm.so+0x67aa80], sa_mask[0]=0x7ffbfeff, sa_flags=0x10000004
SIGQUIT: [libjvm.so+0x67aa80], sa_mask[0]=0x7ffbfeff, sa_flags=0x10000004
SIGTRAP: SIG_DFL, sa_mask[0]=0x00000000, sa_flags=0x00000000


---------------  S Y S T E M  ---------------

OS:Ubuntu 15.04 (vivid)
uname:Linux 3.19.0-47-generic #53-Ubuntu SMP Mon Jan 18 14:02:15 UTC 2016 i686
libc:glibc 2.21 NPTL 2.21 
rlimit: STACK 8192k, CORE 0k, NPROC 31373, NOFILE 65536, AS infinity
load average:52,83 18,85 7,30

/proc/meminfo:
MemTotal:        4036680 kB
MemFree:          214312 kB
MemAvailable:     144328 kB
Buffers:             256 kB
Cached:           533788 kB
SwapCached:         7280 kB
Active:          2092968 kB
Inactive:         864280 kB
Active(anon):    2087564 kB
Inactive(anon):   843388 kB
Active(file):       5404 kB
Inactive(file):    20892 kB
Unevictable:          32 kB
Mlocked:              32 kB
HighTotal:       3180268 kB
HighFree:          47072 kB
LowTotal:         856412 kB
LowFree:          167240 kB
SwapTotal:        455676 kB
SwapFree:              8 kB
Dirty:                68 kB
Writeback:             0 kB
AnonPages:       2416488 kB
Mapped:           891500 kB
Shmem:            507244 kB
Slab:              45256 kB
SReclaimable:      20276 kB
SUnreclaim:        24980 kB
KernelStack:        5560 kB
PageTables:        17980 kB
NFS_Unstable:          0 kB
Bounce:              428 kB
WritebackTmp:          0 kB
CommitLimit:     2474016 kB
Committed_AS:    8274764 kB
VmallocTotal:     122880 kB
VmallocUsed:       20928 kB
VmallocChunk:      98992 kB
AnonHugePages:   1161216 kB
CmaTotal:              0 kB
CmaFree:               0 kB
HugePages_Total:       0
HugePages_Free:        0
HugePages_Rsvd:        0
HugePages_Surp:        0
Hugepagesize:       2048 kB
DirectMap4k:       28664 kB
DirectMap2M:      882688 kB


CPU:total 4 (2 cores per cpu, 2 threads per core) family 6 model 42 stepping 7, cmov, cx8, fxsr, mmx, sse, sse2, sse3, ssse3, sse4.1, sse4.2, popcnt, avx, ht, tsc, tscinvbit

/proc/cpuinfo:
processor	: 0
vendor_id	: GenuineIntel
cpu family	: 6
model		: 42
model name	: Intel(R) Core(TM) i3-2120T CPU @ 2.60GHz
stepping	: 7
microcode	: 0x29
cpu MHz		: 1626.726
cache size	: 3072 KB
physical id	: 0
siblings	: 4
core id		: 0
cpu cores	: 2
apicid		: 0
initial apicid	: 0
fdiv_bug	: no
f00f_bug	: no
coma_bug	: no
fpu		: yes
fpu_exception	: yes
cpuid level	: 13
wp		: yes
flags		: fpu vme de pse tsc msr pae mce cx8 apic sep mtrr pge mca cmov pat pse36 clflush dts acpi mmx fxsr sse sse2 ss ht tm pbe nx rdtscp lm constant_tsc arch_perfmon pebs bts xtopology nonstop_tsc aperfmperf eagerfpu pni pclmulqdq dtes64 monitor ds_cpl vmx est tm2 ssse3 cx16 xtpr pdcm pcid sse4_1 sse4_2 popcnt tsc_deadline_timer xsave avx lahf_lm arat epb pln pts dtherm tpr_shadow vnmi flexpriority ept vpid xsaveopt
bugs		:
bogomips	: 5188.37
clflush size	: 64
cache_alignment	: 64
address sizes	: 36 bits physical, 48 bits virtual
power management:

processor	: 1
vendor_id	: GenuineIntel
cpu family	: 6
model		: 42
model name	: Intel(R) Core(TM) i3-2120T CPU @ 2.60GHz
stepping	: 7
microcode	: 0x29
cpu MHz		: 1616.773
cache size	: 3072 KB
physical id	: 0
siblings	: 4
core id		: 1
cpu cores	: 2
apicid		: 2
initial apicid	: 2
fdiv_bug	: no
f00f_bug	: no
coma_bug	: no
fpu		: yes
fpu_exception	: yes
cpuid level	: 13
wp		: yes
flags		: fpu vme de pse tsc msr pae mce cx8 apic sep mtrr pge mca cmov pat pse36 clflush dts acpi mmx fxsr sse sse2 ss ht tm pbe nx rdtscp lm constant_tsc arch_perfmon pebs bts xtopology nonstop_tsc aperfmperf eagerfpu pni pclmulqdq dtes64 monitor ds_cpl vmx est tm2 ssse3 cx16 xtpr pdcm pcid sse4_1 sse4_2 popcnt tsc_deadline_timer xsave avx lahf_lm arat epb pln pts dtherm tpr_shadow vnmi flexpriority ept vpid xsaveopt
bugs		:
bogomips	: 5188.37
clflush size	: 64
cache_alignment	: 64
address sizes	: 36 bits physical, 48 bits virtual
power management:

processor	: 2
vendor_id	: GenuineIntel
cpu family	: 6
model		: 42
model name	: Intel(R) Core(TM) i3-2120T CPU @ 2.60GHz
stepping	: 7
microcode	: 0x29
cpu MHz		: 1762.210
cache size	: 3072 KB
physical id	: 0
siblings	: 4
core id		: 0
cpu cores	: 2
apicid		: 1
initial apicid	: 1
fdiv_bug	: no
f00f_bug	: no
coma_bug	: no
fpu		: yes
fpu_exception	: yes
cpuid level	: 13
wp		: yes
flags		: fpu vme de pse tsc msr pae mce cx8 apic sep mtrr pge mca cmov pat pse36 clflush dts acpi mmx fxsr sse sse2 ss ht tm pbe nx rdtscp lm constant_tsc arch_perfmon pebs bts xtopology nonstop_tsc aperfmperf eagerfpu pni pclmulqdq dtes64 monitor ds_cpl vmx est tm2 ssse3 cx16 xtpr pdcm pcid sse4_1 sse4_2 popcnt tsc_deadline_timer xsave avx lahf_lm arat epb pln pts dtherm tpr_shadow vnmi flexpriority ept vpid xsaveopt
bugs		:
bogomips	: 5188.37
clflush size	: 64
cache_alignment	: 64
address sizes	: 36 bits physical, 48 bits virtual
power management:

processor	: 3
vendor_id	: GenuineIntel
cpu family	: 6
model		: 42
model name	: Intel(R) Core(TM) i3-2120T CPU @ 2.60GHz
stepping	: 7
microcode	: 0x29
cpu MHz		: 1599.914
cache size	: 3072 KB
physical id	: 0
siblings	: 4
core id		: 1
cpu cores	: 2
apicid		: 3
initial apicid	: 3
fdiv_bug	: no
f00f_bug	: no
coma_bug	: no
fpu		: yes
fpu_exception	: yes
cpuid level	: 13
wp		: yes
flags		: fpu vme de pse tsc msr pae mce cx8 apic sep mtrr pge mca cmov pat pse36 clflush dts acpi mmx fxsr sse sse2 ss ht tm pbe nx rdtscp lm constant_tsc arch_perfmon pebs bts xtopology nonstop_tsc aperfmperf eagerfpu pni pclmulqdq dtes64 monitor ds_cpl vmx est tm2 ssse3 cx16 xtpr pdcm pcid sse4_1 sse4_2 popcnt tsc_deadline_timer xsave avx lahf_lm arat epb pln pts dtherm tpr_shadow vnmi flexpriority ept vpid xsaveopt
bugs		:
bogomips	: 5188.37
clflush size	: 64
cache_alignment	: 64
address sizes	: 36 bits physical, 48 bits virtual
power management:



Memory: 4k page, physical 4036680k(214312k free), swap 455676k(8k free)

vm_info: OpenJDK Server VM (24.91-b01) for linux-x86 JRE (1.7.0_91-b02), built on Nov 19 2015 06:25:06 by "buildd" with gcc 4.9.2

time: Fri Jan 29 16:49:37 2016
elapsed time: 108 seconds

